Using pre-set license
Built from '2020.2/staging' branch; Version is '2020.2.3f1 (8ff31bc5bf5b) revision 9433883'; Using compiler version '192528614'; Build Type 'Release'
OS: 'Windows 10 Home; OS build 18363.1441; Version 1909; 64bit' Language: 'zh' Physical Memory: 8047 MB
BatchMode: 1, IsHumanControllingUs: 0, StartBugReporterOnCrash: 0, Is64bit: 1, IsPro: 0

 COMMAND LINE ARGUMENTS:
D:\Program Files\2020.2.3f1\Editor\Unity.exe
-adb2
-batchMode
-noUpm
-name
AssetImportWorker1
-projectPath
D:/GBC/MOBILE GAME DEVELOPMENT II/GAME3004-Lab7
-logFile
Logs/AssetImportWorker1.log
-srvPort
60092
Successfully changed project path to: D:/GBC/MOBILE GAME DEVELOPMENT II/GAME3004-Lab7
D:/GBC/MOBILE GAME DEVELOPMENT II/GAME3004-Lab7
Using Asset Import Pipeline V2.
Refreshing native plugins compatible for Editor in 43.18 ms, found 0 plugins.
Preloading 0 native plugins for Editor in 0.00 ms.
Initialize engine version: 2020.2.3f1 (8ff31bc5bf5b)
[Subsystems] Discovering subsystems at path D:/Program Files/2020.2.3f1/Editor/Data/Resources/UnitySubsystems
[Subsystems] Discovering subsystems at path D:/GBC/MOBILE GAME DEVELOPMENT II/GAME3004-Lab7/Assets
GfxDevice: creating device client; threaded=0
Direct3D:
    Version:  Direct3D 11.0 [level 11.1]
    Renderer: NVIDIA GeForce GTX 1050 (ID=0x1c8d)
    Vendor:   
    VRAM:     1979 MB
    Driver:   26.21.14.4587
Initialize mono
Mono path[0] = 'D:/Program Files/2020.2.3f1/Editor/Data/Managed'
Mono path[1] = 'D:/Program Files/2020.2.3f1/Editor/Data/MonoBleedingEdge/lib/mono/unityjit'
Mono config path = 'D:/Program Files/2020.2.3f1/Editor/Data/MonoBleedingEdge/etc'
Using monoOptions --debugger-agent=transport=dt_socket,embedding=1,server=y,suspend=n,address=127.0.0.1:56328
Begin MonoManager ReloadAssembly
Registering precompiled unity dll's ...
Register platform support module: D:/Program Files/2020.2.3f1/Editor/Data/PlaybackEngines/WebGLSupport/UnityEditor.WebGL.Extensions.dll
Register platform support module: D:/Program Files/2020.2.3f1/Editor/Data/PlaybackEngines/WindowsStandaloneSupport/UnityEditor.WindowsStandalone.Extensions.dll
Registered in 0.001092 seconds.
Native extension for WindowsStandalone target not found
Native extension for WebGL target not found
Refreshing native plugins compatible for Editor in 28.86 ms, found 0 plugins.
Preloading 0 native plugins for Editor in 0.00 ms.
Invoked RoslynAnalysisRunner static constructor.
RoslynAnalysisRunner will not be running.
RoslynAnalysisRunner has terminated.
Mono: successfully reloaded assembly
- Completed reload, in  1.771 seconds
Platform modules already initialized, skipping
Registering precompiled user dll's ...
Registered in 0.001248 seconds.
Begin MonoManager ReloadAssembly
Native extension for WindowsStandalone target not found
Native extension for WebGL target not found
Refreshing native plugins compatible for Editor in 0.25 ms, found 0 plugins.
Preloading 0 native plugins for Editor in 0.00 ms.
Invoked RoslynAnalysisRunner static constructor.
RoslynAnalysisRunner will not be running.
RoslynAnalysisRunner has terminated.
Mono: successfully reloaded assembly
- Completed reload, in  1.858 seconds
Platform modules already initialized, skipping
========================================================================
Worker process is ready to serve import requests
Launched and connected shader compiler UnityShaderCompiler.exe after 0.18 seconds
Refreshing native plugins compatible for Editor in 0.35 ms, found 0 plugins.
Preloading 0 native plugins for Editor in 0.00 ms.
Unloading 1172 Unused Serialized files (Serialized files now loaded: 0)
System memory in use before: 65.1 MB.
System memory in use after: 65.2 MB.

Unloading 9 unused Assets to reduce memory usage. Loaded Objects now: 1615.
Total: 2.590700 ms (FindLiveObjects: 0.329400 ms CreateObjectMapping: 0.077400 ms MarkObjects: 2.067600 ms  DeleteObjects: 0.113300 ms)

========================================================================
Received Import Request.
  path: Assets/_Scenes/Start.unity
  artifactKey: Guid(669340cd01af9cd498320841cc01cabc) Importer(815301076,1909f56bfc062723c751e8b465ee728b)
Start importing Assets/_Scenes/Start.unity using Guid(669340cd01af9cd498320841cc01cabc) Importer(815301076,1909f56bfc062723c751e8b465ee728b)  -> (artifact id: '49c061c72cd1f2dbb38268f03695e006') in 0.075032 seconds
  Import took 0.078256 seconds .

========================================================================
Received Import Request.
  Time since last request: 0.001596 seconds.
  path: Assets/_Scenes
  artifactKey: Guid(9d552fd57745f5e44b46909ccb51378f) Importer(815301076,1909f56bfc062723c751e8b465ee728b)
Start importing Assets/_Scenes using Guid(9d552fd57745f5e44b46909ccb51378f) Importer(815301076,1909f56bfc062723c751e8b465ee728b)  -> (artifact id: '466c5061d883554598455d595e20a1ec') in 0.002512 seconds
  Import took 0.004877 seconds .

========================================================================
Received Import Request.
  Time since last request: 83.763507 seconds.
  path: Assets/_Scenes/Main.unity
  artifactKey: Guid(9fc0d4010bbf28b4594072e72b8655ab) Importer(815301076,1909f56bfc062723c751e8b465ee728b)
Start importing Assets/_Scenes/Main.unity using Guid(9fc0d4010bbf28b4594072e72b8655ab) Importer(815301076,1909f56bfc062723c751e8b465ee728b)  -> (artifact id: '4160a2768eaadbaef29f34f0a0d2c203') in 0.003970 seconds
  Import took 0.012015 seconds .

========================================================================
Received Import Request.
  Time since last request: 0.001545 seconds.
  path: Assets/_Scenes/Main.unity
  artifactKey: Guid(9fc0d4010bbf28b4594072e72b8655ab) Importer(815301076,1909f56bfc062723c751e8b465ee728b)
Start importing Assets/_Scenes/Main.unity using Guid(9fc0d4010bbf28b4594072e72b8655ab) Importer(815301076,1909f56bfc062723c751e8b465ee728b)  -> (artifact id: '4160a2768eaadbaef29f34f0a0d2c203') in 0.067230 seconds
  Import took 0.072005 seconds .

========================================================================
Received Prepare
Registering precompiled user dll's ...
Registered in 0.001607 seconds.
Begin MonoManager ReloadAssembly
Native extension for WindowsStandalone target not found
Native extension for WebGL target not found
Refreshing native plugins compatible for Editor in 0.35 ms, found 0 plugins.
Preloading 0 native plugins for Editor in 0.00 ms.
Invoked RoslynAnalysisRunner static constructor.
RoslynAnalysisRunner will not be running.
RoslynAnalysisRunner has terminated.
Mono: successfully reloaded assembly
- Completed reload, in  2.221 seconds
Platform modules already initialized, skipping
Refreshing native plugins compatible for Editor in 0.85 ms, found 0 plugins.
Preloading 0 native plugins for Editor in 0.00 ms.
Unloading 1164 Unused Serialized files (Serialized files now loaded: 0)
System memory in use before: 64.9 MB.
System memory in use after: 65.0 MB.

Unloading 4 unused Assets to reduce memory usage. Loaded Objects now: 1617.
Total: 3.487100 ms (FindLiveObjects: 0.516800 ms CreateObjectMapping: 0.143200 ms MarkObjects: 2.795100 ms  DeleteObjects: 0.029100 ms)

========================================================================
Received Prepare
Registering precompiled user dll's ...
Registered in 0.000974 seconds.
Begin MonoManager ReloadAssembly
Native extension for WindowsStandalone target not found
Native extension for WebGL target not found
Refreshing native plugins compatible for Editor in 0.32 ms, found 0 plugins.
Preloading 0 native plugins for Editor in 0.00 ms.
Invoked RoslynAnalysisRunner static constructor.
RoslynAnalysisRunner will not be running.
RoslynAnalysisRunner has terminated.
Mono: successfully reloaded assembly
- Completed reload, in  1.411 seconds
Platform modules already initialized, skipping
Refreshing native plugins compatible for Editor in 0.48 ms, found 0 plugins.
Preloading 0 native plugins for Editor in 0.00 ms.
Unloading 1164 Unused Serialized files (Serialized files now loaded: 0)
System memory in use before: 64.9 MB.
System memory in use after: 65.0 MB.

Unloading 4 unused Assets to reduce memory usage. Loaded Objects now: 1619.
Total: 2.546200 ms (FindLiveObjects: 0.450800 ms CreateObjectMapping: 0.105800 ms MarkObjects: 1.961800 ms  DeleteObjects: 0.026000 ms)

========================================================================
Received Import Request.
  Time since last request: 330.915312 seconds.
  path: Assets/_Scripts
  artifactKey: Guid(3e14bb00e510bf043832f9a58de1f5e2) Importer(815301076,1909f56bfc062723c751e8b465ee728b)
Start importing Assets/_Scripts using Guid(3e14bb00e510bf043832f9a58de1f5e2) Importer(815301076,1909f56bfc062723c751e8b465ee728b)  -> (artifact id: 'ab2a309a7dc3057f716ffccc7ffc363c') in 0.007091 seconds
  Import took 0.010193 seconds .

========================================================================
Received Import Request.
  Time since last request: 0.002279 seconds.
  path: Assets/_Scripts
  artifactKey: Guid(3e14bb00e510bf043832f9a58de1f5e2) Importer(815301076,1909f56bfc062723c751e8b465ee728b)
Start importing Assets/_Scripts using Guid(3e14bb00e510bf043832f9a58de1f5e2) Importer(815301076,1909f56bfc062723c751e8b465ee728b)  -> (artifact id: 'ab2a309a7dc3057f716ffccc7ffc363c') in 0.003390 seconds
  Import took 0.007476 seconds .

========================================================================
Received Import Request.
  Time since last request: 2.849201 seconds.
  path: Assets/_Scripts/EnemyBehaviour.cs
  artifactKey: Guid(6e705e2e99db8da4b9df9559ec0c300d) Importer(815301076,1909f56bfc062723c751e8b465ee728b)
Start importing Assets/_Scripts/EnemyBehaviour.cs using Guid(6e705e2e99db8da4b9df9559ec0c300d) Importer(815301076,1909f56bfc062723c751e8b465ee728b)  -> (artifact id: 'a8186348a6d27bb26efb689b54c9e392') in 0.065329 seconds
  Import took 0.068087 seconds .

AssetImportWorkerClient::OnTransportError - code=2 error=End of file
